<?xml version="1.0" encoding="UTF-8"?>
<!-- Generated by org.testng.reporters.JUnitReportReporter -->
<testsuite hostname="DESKTOP-34MQ2OP" failures="0" tests="7" name="org.data.Sample" time="0.029" errors="0" timestamp="2025-05-22T12:27:38 IST" skipped="1">
  <testcase classname="org.data.Sample" name="tc2" time="0.005"/>
  <testcase classname="org.data.Sample" name="tc2" time="0.008"/>
  <testcase classname="org.data.Sample" name="tc2" time="0.009"/>
  <testcase classname="org.data.Sample" name="tc4" time="0.004"/>
  <testcase classname="org.data.Sample" name="tc5" time="0.001"/>
  <testcase classname="org.data.Sample" name="tc1" time="0.002"/>
  <testcase classname="org.data.Sample" name="tc3">
    <skipped/>
  </testcase> <!-- tc3 -->
</testsuite> <!-- org.data.Sample -->
