<?xml version="1.0" encoding="UTF-8"?>
<!-- Generated by org.testng.reporters.JUnitReportReporter -->
<testsuite hostname="DESKTOP-34MQ2OP" failures="0" tests="3" name="org.data.A" time="0.009" errors="0" timestamp="2025-05-22T12:39:03 IST" skipped="0">
  <testcase classname="org.data.A" name="tc2" time="0.001"/>
  <testcase classname="org.data.A" name="tc3" time="0.001"/>
  <testcase classname="org.data.A" name="tc1" time="0.007"/>
</testsuite> <!-- org.data.A -->
