<?xml version="1.0" encoding="UTF-8"?>
<!-- Generated by org.testng.reporters.JUnitReportReporter -->
<testsuite hostname="DESKTOP-34MQ2OP" failures="0" tests="3" name="org.data.C" time="0.003" errors="0" timestamp="2025-05-22T12:39:03 IST" skipped="0">
  <testcase classname="org.data.C" name="tc333" time="0.001"/>
  <testcase classname="org.data.C" name="tc111" time="0.001"/>
  <testcase classname="org.data.C" name="tc222" time="0.001"/>
</testsuite> <!-- org.data.C -->
