<?xml version="1.0" encoding="UTF-8"?>
<!-- Generated by org.testng.reporters.JUnitReportReporter -->
<testsuite hostname="DESKTOP-34MQ2OP" failures="0" tests="3" name="org.data.B" time="0.005" errors="0" timestamp="2025-05-22T12:39:03 IST" skipped="0">
  <testcase classname="org.data.B" name="tc11" time="0.002"/>
  <testcase classname="org.data.B" name="tc22" time="0.002"/>
  <testcase classname="org.data.B" name="tc33" time="0.001"/>
</testsuite> <!-- org.data.B -->
