<?xml version="1.0" encoding="UTF-8"?>
<!-- Generated by org.testng.reporters.JUnitReportReporter -->
<testsuite hostname="DESKTOP-34MQ2OP" failures="0" tests="2" name="org.data.Demo" time="0.439" errors="0" timestamp="2025-05-23T12:39:38 IST" skipped="0">
  <testcase classname="org.data.Demo" name="tc1" time="0.028"/>
  <testcase classname="org.data.Demo" name="tc2" time="0.411"/>
</testsuite> <!-- org.data.Demo -->
